<?xml version="1.0" encoding="UTF-8"?>
<testsuite xmlns:xsi="http://www.w3.org/2001/XMLSchema-instance" xsi:noNamespaceSchemaLocation="https://maven.apache.org/surefire/maven-surefire-plugin/xsd/surefire-test-report-3.0.xsd" version="3.0" name="com.diaz.edgar.service.discovery.InterviewDiscoveryServerApplicationTests" time="6.456" tests="1" errors="0" skipped="0" failures="0">
  <properties>
[...]
</properties>
  <testcase name="contextLoads" classname="com.diaz.edgar.service.discovery.InterviewDiscoveryServerApplicationTests" time="1.144">
    <system-out><![CDATA[23:59:10.184 [main] INFO org.springframework.test.context.support.AnnotationConfigContextLoaderUtils -- Could not detect default configuration classes for test class [com.diaz.edgar.service.discovery.InterviewDiscoveryServerApplicationTests]: InterviewDiscoveryServerApplicationTests does not declare any static, non-private, non-final, nested classes annotated with @Configuration.
23:59:10.295 [main] INFO org.springframework.boot.test.context.SpringBootTestContextBootstrapper -- Found @SpringBootConfiguration com.diaz.edgar.service.discovery.InterviewDiscoveryServerApplication for test class com.diaz.edgar.service.discovery.InterviewDiscoveryServerApplicationTests
23:59:10.462 [main] INFO org.springframework.boot.devtools.restart.RestartApplicationListener -- Restart disabled due to context in which it is running

  .   ____          _            __ _ _
 /\\ / ___'_ __ _ _(_)_ __  __ _ \ \ \ \
( ( )\___ | '_ | '_| | '_ \/ _` | \ \ \ \
 \\/  ___)| |_)| | | | | || (_| |  ) ) ) )
  '  |____| .__|_| |_|_| |_\__, | / / / /
 =========|_|==============|___/=/_/_/_/
 :: Spring Boot ::                (v3.2.4)

2025-09-28T23:59:10.993-05:00  INFO 14428 --- [interview-discovery-server] [           main] InterviewDiscoveryServerApplicationTests : Starting InterviewDiscoveryServerApplicationTests using Java 17.0.12 with PID 14428 (started by kruger in C:\repos\OTHERS\sofka\interview-discovery-server)
2025-09-28T23:59:10.994-05:00  INFO 14428 --- [interview-discovery-server] [           main] InterviewDiscoveryServerApplicationTests : No active profile set, falling back to 1 default profile: "default"
2025-09-28T23:59:12.214-05:00  INFO 14428 --- [interview-discovery-server] [           main] o.s.cloud.context.scope.GenericScope     : BeanFactory id=f90d10d7-39ab-34d4-b208-5c45c2506ada
2025-09-28T23:59:12.325-05:00  WARN 14428 --- [interview-discovery-server] [           main] trationDelegate$BeanPostProcessorChecker : Bean 'org.springframework.cloud.client.loadbalancer.LoadBalancerAutoConfiguration$DeferringLoadBalancerInterceptorConfig' of type [org.springframework.cloud.client.loadbalancer.LoadBalancerAutoConfiguration$DeferringLoadBalancerInterceptorConfig] is not eligible for getting processed by all BeanPostProcessors (for example: not eligible for auto-proxying). The currently created BeanPostProcessor [lbRestClientPostProcessor] is declared through a non-static factory method on that class; consider declaring it as static instead.
2025-09-28T23:59:12.330-05:00  WARN 14428 --- [interview-discovery-server] [           main] trationDelegate$BeanPostProcessorChecker : Bean 'deferringLoadBalancerInterceptor' of type [org.springframework.cloud.client.loadbalancer.DeferringLoadBalancerInterceptor] is not eligible for getting processed by all BeanPostProcessors (for example: not eligible for auto-proxying). Is this bean getting eagerly injected into a currently created BeanPostProcessor [lbRestClientPostProcessor]? Check the corresponding BeanPostProcessor declaration and its dependencies.
2025-09-28T23:59:13.475-05:00  INFO 14428 --- [interview-discovery-server] [           main] o.s.b.a.e.web.EndpointLinksResolver      : Exposing 1 endpoint(s) beneath base path '/actuator'
2025-09-28T23:59:13.530-05:00  INFO 14428 --- [interview-discovery-server] [           main] o.s.s.web.DefaultSecurityFilterChain     : Will secure any request with [org.springframework.security.web.session.DisableEncodeUrlFilter@77ce88c4, org.springframework.security.web.context.request.async.WebAsyncManagerIntegrationFilter@11abd6c, org.springframework.security.web.context.SecurityContextHolderFilter@2ab9e43e, org.springframework.security.web.header.HeaderWriterFilter@7d88fa9c, org.springframework.web.filter.CorsFilter@29b5533, org.springframework.security.web.authentication.logout.LogoutFilter@6658f08a, org.springframework.security.web.authentication.UsernamePasswordAuthenticationFilter@17b6ad97, org.springframework.security.web.authentication.ui.DefaultLoginPageGeneratingFilter@fabef2e, org.springframework.security.web.authentication.ui.DefaultLogoutPageGeneratingFilter@7608a838, org.springframework.security.web.authentication.www.BasicAuthenticationFilter@106cd9c8, org.springframework.security.web.savedrequest.RequestCacheAwareFilter@4fd80300, org.springframework.security.web.servletapi.SecurityContextHolderAwareRequestFilter@1805383, org.springframework.security.web.authentication.AnonymousAuthenticationFilter@75839695, org.springframework.security.web.access.ExceptionTranslationFilter@561d88ee, org.springframework.security.web.access.intercept.AuthorizationFilter@4cd7d5e1]
2025-09-28T23:59:14.328-05:00  WARN 14428 --- [interview-discovery-server] [           main] iguration$LoadBalancerCaffeineWarnLogger : Spring Cloud LoadBalancer is currently working with the default cache. While this cache implementation is useful for development and tests, it's recommended to use Caffeine cache in production.You can switch to using Caffeine cache, by adding it and org.springframework.cache.caffeine.CaffeineCacheManager to the classpath.
2025-09-28T23:59:14.726-05:00  INFO 14428 --- [interview-discovery-server] [           main] o.s.c.n.eureka.InstanceInfoFactory       : Setting initial instance status as: STARTING
2025-09-28T23:59:14.788-05:00  INFO 14428 --- [interview-discovery-server] [           main] com.netflix.discovery.DiscoveryClient    : Initializing Eureka in region us-east-1
2025-09-28T23:59:14.790-05:00  INFO 14428 --- [interview-discovery-server] [           main] com.netflix.discovery.DiscoveryClient    : Client configured to neither register nor query for data.
2025-09-28T23:59:14.815-05:00  INFO 14428 --- [interview-discovery-server] [           main] com.netflix.discovery.DiscoveryClient    : Discovery Client initialized at timestamp 1759121954814 with initial instances count: 0
2025-09-28T23:59:14.884-05:00  INFO 14428 --- [interview-discovery-server] [           main] c.n.eureka.DefaultEurekaServerContext    : Initializing ...
2025-09-28T23:59:14.889-05:00  WARN 14428 --- [interview-discovery-server] [           main] c.n.eureka.cluster.PeerEurekaNodes       : The replica size seems to be empty. Check the route 53 DNS Registry
2025-09-28T23:59:14.979-05:00  INFO 14428 --- [interview-discovery-server] [           main] c.n.e.registry.AbstractInstanceRegistry  : Finished initializing remote region registries. All known remote regions: []
2025-09-28T23:59:14.981-05:00  INFO 14428 --- [interview-discovery-server] [           main] c.n.eureka.DefaultEurekaServerContext    : Initialized
2025-09-28T23:59:15.185-05:00  INFO 14428 --- [interview-discovery-server] [           main] o.s.c.n.e.s.EurekaServiceRegistry        : Registering application INTERVIEW-DISCOVERY-SERVER with eureka with status UP
2025-09-28T23:59:15.200-05:00  INFO 14428 --- [interview-discovery-server] [      Thread-11] o.s.c.n.e.server.EurekaServerBootstrap   : isAws returned false
2025-09-28T23:59:15.200-05:00  INFO 14428 --- [interview-discovery-server] [      Thread-11] o.s.c.n.e.server.EurekaServerBootstrap   : Initialized server context
2025-09-28T23:59:15.200-05:00  INFO 14428 --- [interview-discovery-server] [      Thread-11] c.n.e.r.PeerAwareInstanceRegistryImpl    : Got 1 instances from neighboring DS node
2025-09-28T23:59:15.200-05:00  INFO 14428 --- [interview-discovery-server] [      Thread-11] c.n.e.r.PeerAwareInstanceRegistryImpl    : Renew threshold is: 1
2025-09-28T23:59:15.201-05:00  INFO 14428 --- [interview-discovery-server] [      Thread-11] c.n.e.r.PeerAwareInstanceRegistryImpl    : Changing status to UP
2025-09-28T23:59:15.216-05:00  INFO 14428 --- [interview-discovery-server] [           main] InterviewDiscoveryServerApplicationTests : Started InterviewDiscoveryServerApplicationTests in 4.77 seconds (process running for 5.965)
2025-09-28T23:59:15.218-05:00  INFO 14428 --- [interview-discovery-server] [      Thread-11] e.s.EurekaServerInitializerConfiguration : Started Eureka Server
]]></system-out>
  </testcase>
</testsuite>